<?xml version="1.0" encoding="UTF-8"?>
<!-- Generated by org.testng.reporters.JUnitXMLReporter -->
<testsuite ignored="0" hostname="DESKTOP-VKM30B9" failures="0" tests="10" name="Surefire test" time="23.29" errors="0" timestamp="2024-12-30T07:14:06 IST">
  <testcase classname="api.test.DDTests" name="testPostUser" time="3.466"/>
  <testcase classname="api.test.DDTests" name="testPostUser" time="2.183"/>
  <testcase classname="api.test.DDTests" name="testPostUser" time="4.43"/>
  <testcase classname="api.test.DDTests" name="deleteByName" time="1.213"/>
  <testcase classname="api.test.DDTests" name="deleteByName" time="1.181"/>
  <testcase classname="api.test.DDTests" name="deleteByName" time="2.487"/>
  <testcase classname="api.test.UserTests" name="testPostUser" time="1.21"/>
  <testcase classname="api.test.UserTests" name="getUserByName" time="1.212"/>
  <testcase classname="api.test.UserTests" name="updateUserByName" time="1.225"/>
  <testcase classname="api.test.UserTests" name="deleteUserByName" time="1.218"/>
</testsuite> <!-- Surefire test -->
