<?xml version="1.0" encoding="UTF-8"?>
<!-- Generated by org.testng.reporters.JUnitXMLReporter -->
<testsuite ignored="0" hostname="DESKTOP-VKM30B9" failures="0" tests="6" name="Default test" time="12.367" errors="0" timestamp="2024-12-29T16:44:10 IST">
  <testcase classname="api.test.DDTests" name="testPostUser" time="4.033"/>
  <testcase classname="api.test.DDTests" name="testPostUser" time="1.177"/>
  <testcase classname="api.test.DDTests" name="testPostUser" time="1.166"/>
  <testcase classname="api.test.DDTests" name="deleteByName" time="1.271"/>
  <testcase classname="api.test.DDTests" name="deleteByName" time="1.243"/>
  <testcase classname="api.test.DDTests" name="deleteByName" time="1.189"/>
</testsuite> <!-- Default test -->
