<?xml version="1.0" encoding="UTF-8"?>
<testng-results ignored="0" total="10" passed="10" failed="0" skipped="0">
  <reporter-output>
  </reporter-output>
  <suite started-at="2024-12-30T07:13:43 IST" name="Surefire suite" finished-at="2024-12-30T07:14:06 IST" duration-ms="23290">
    <groups>
    </groups>
    <test started-at="2024-12-30T07:13:43 IST" name="Surefire test" finished-at="2024-12-30T07:14:06 IST" duration-ms="23290">
      <class name="api.test.UserTests">
        <test-method is-config="true" signature="setUp()[pri:0, instance:api.test.UserTests@48ae9b55]" started-at="2024-12-30T07:14:01 IST" name="setUp" finished-at="2024-12-30T07:14:01 IST" duration-ms="208" status="PASS">
          <reporter-output>
          </reporter-output>
        </test-method> <!-- setUp -->
        <test-method signature="testPostUser()[pri:1, instance:api.test.UserTests@48ae9b55]" started-at="2024-12-30T07:14:01 IST" name="testPostUser" finished-at="2024-12-30T07:14:02 IST" duration-ms="1210" status="PASS">
          <reporter-output>
          </reporter-output>
        </test-method> <!-- testPostUser -->
        <test-method signature="getUserByName()[pri:2, instance:api.test.UserTests@48ae9b55]" started-at="2024-12-30T07:14:02 IST" name="getUserByName" finished-at="2024-12-30T07:14:03 IST" duration-ms="1212" status="PASS">
          <reporter-output>
          </reporter-output>
        </test-method> <!-- getUserByName -->
        <test-method signature="updateUserByName()[pri:3, instance:api.test.UserTests@48ae9b55]" started-at="2024-12-30T07:14:03 IST" name="updateUserByName" finished-at="2024-12-30T07:14:05 IST" duration-ms="1225" status="PASS">
          <reporter-output>
          </reporter-output>
        </test-method> <!-- updateUserByName -->
        <test-method signature="deleteUserByName()[pri:4, instance:api.test.UserTests@48ae9b55]" started-at="2024-12-30T07:14:05 IST" name="deleteUserByName" finished-at="2024-12-30T07:14:06 IST" duration-ms="1218" status="PASS">
          <reporter-output>
          </reporter-output>
        </test-method> <!-- deleteUserByName -->
      </class> <!-- api.test.UserTests -->
      <class name="api.test.DDTests">
        <test-method signature="testPostUser(java.lang.String,java.lang.String,java.lang.String,java.lang.String,java.lang.String,java.lang.String,java.lang.String)[pri:1, instance:api.test.DDTests@460d0a57]" started-at="2024-12-30T07:13:46 IST" name="testPostUser" data-provider="Data" finished-at="2024-12-30T07:13:49 IST" duration-ms="3466" status="PASS">
          <params>
            <param index="0">
              <value>
                <![CDATA[1010]]>
              </value>
            </param>
            <param index="1">
              <value>
                <![CDATA[user1]]>
              </value>
            </param>
            <param index="2">
              <value>
                <![CDATA[donald]]>
              </value>
            </param>
            <param index="3">
              <value>
                <![CDATA[trump]]>
              </value>
            </param>
            <param index="4">
              <value>
                <![CDATA[a@gmail.com]]>
              </value>
            </param>
            <param index="5">
              <value>
                <![CDATA[pwd@1]]>
              </value>
            </param>
            <param index="6">
              <value>
                <![CDATA[123]]>
              </value>
            </param>
          </params>
          <reporter-output>
          </reporter-output>
        </test-method> <!-- testPostUser -->
        <test-method signature="testPostUser(java.lang.String,java.lang.String,java.lang.String,java.lang.String,java.lang.String,java.lang.String,java.lang.String)[pri:1, instance:api.test.DDTests@460d0a57]" started-at="2024-12-30T07:13:49 IST" name="testPostUser" data-provider="Data" finished-at="2024-12-30T07:13:51 IST" duration-ms="2183" status="PASS">
          <params>
            <param index="0">
              <value>
                <![CDATA[1020]]>
              </value>
            </param>
            <param index="1">
              <value>
                <![CDATA[user2]]>
              </value>
            </param>
            <param index="2">
              <value>
                <![CDATA[joe]]>
              </value>
            </param>
            <param index="3">
              <value>
                <![CDATA[biden]]>
              </value>
            </param>
            <param index="4">
              <value>
                <![CDATA[b@gmail.com]]>
              </value>
            </param>
            <param index="5">
              <value>
                <![CDATA[pwd@2]]>
              </value>
            </param>
            <param index="6">
              <value>
                <![CDATA[456]]>
              </value>
            </param>
          </params>
          <reporter-output>
          </reporter-output>
        </test-method> <!-- testPostUser -->
        <test-method signature="testPostUser(java.lang.String,java.lang.String,java.lang.String,java.lang.String,java.lang.String,java.lang.String,java.lang.String)[pri:1, instance:api.test.DDTests@460d0a57]" started-at="2024-12-30T07:13:51 IST" name="testPostUser" data-provider="Data" finished-at="2024-12-30T07:13:56 IST" duration-ms="4430" status="PASS">
          <params>
            <param index="0">
              <value>
                <![CDATA[1030]]>
              </value>
            </param>
            <param index="1">
              <value>
                <![CDATA[user3]]>
              </value>
            </param>
            <param index="2">
              <value>
                <![CDATA[barack ]]>
              </value>
            </param>
            <param index="3">
              <value>
                <![CDATA[obama]]>
              </value>
            </param>
            <param index="4">
              <value>
                <![CDATA[c@gmail.com]]>
              </value>
            </param>
            <param index="5">
              <value>
                <![CDATA[pwd@3]]>
              </value>
            </param>
            <param index="6">
              <value>
                <![CDATA[789]]>
              </value>
            </param>
          </params>
          <reporter-output>
          </reporter-output>
        </test-method> <!-- testPostUser -->
        <test-method signature="deleteByName(java.lang.String)[pri:2, instance:api.test.DDTests@460d0a57]" started-at="2024-12-30T07:13:56 IST" name="deleteByName" data-provider="UserNames" finished-at="2024-12-30T07:13:57 IST" duration-ms="1213" status="PASS">
          <params>
            <param index="0">
              <value>
                <![CDATA[user1]]>
              </value>
            </param>
          </params>
          <reporter-output>
          </reporter-output>
        </test-method> <!-- deleteByName -->
        <test-method signature="deleteByName(java.lang.String)[pri:2, instance:api.test.DDTests@460d0a57]" started-at="2024-12-30T07:13:57 IST" name="deleteByName" data-provider="UserNames" finished-at="2024-12-30T07:13:58 IST" duration-ms="1181" status="PASS">
          <params>
            <param index="0">
              <value>
                <![CDATA[user2]]>
              </value>
            </param>
          </params>
          <reporter-output>
          </reporter-output>
        </test-method> <!-- deleteByName -->
        <test-method signature="deleteByName(java.lang.String)[pri:2, instance:api.test.DDTests@460d0a57]" started-at="2024-12-30T07:13:58 IST" name="deleteByName" data-provider="UserNames" finished-at="2024-12-30T07:14:01 IST" duration-ms="2487" status="PASS">
          <params>
            <param index="0">
              <value>
                <![CDATA[user3]]>
              </value>
            </param>
          </params>
          <reporter-output>
          </reporter-output>
        </test-method> <!-- deleteByName -->
      </class> <!-- api.test.DDTests -->
    </test> <!-- Surefire test -->
  </suite> <!-- Surefire suite -->
</testng-results>
