<?xml version="1.0" encoding="UTF-8"?>
<testng-results ignored="0" total="4" passed="4" failed="0" skipped="0">
  <reporter-output>
  </reporter-output>
  <suite started-at="2024-12-30T06:13:45 IST" name="Suite" finished-at="2024-12-30T06:13:55 IST" duration-ms="9938">
    <groups>
    </groups>
    <test started-at="2024-12-30T06:13:45 IST" name="Test" finished-at="2024-12-30T06:13:55 IST" duration-ms="9938">
      <class name="api.test.UserTests2">
        <test-method is-config="true" signature="setUp()[pri:0, instance:api.test.UserTests2@185a6e9]" started-at="2024-12-30T06:13:45 IST" name="setUp" finished-at="2024-12-30T06:13:46 IST" duration-ms="269" status="PASS">
          <reporter-output>
          </reporter-output>
        </test-method> <!-- setUp -->
        <test-method signature="testPostUser()[pri:1, instance:api.test.UserTests2@185a6e9]" started-at="2024-12-30T06:13:46 IST" name="testPostUser" finished-at="2024-12-30T06:13:50 IST" duration-ms="4304" status="PASS">
          <reporter-output>
          </reporter-output>
        </test-method> <!-- testPostUser -->
        <test-method signature="getUserByName()[pri:2, instance:api.test.UserTests2@185a6e9]" started-at="2024-12-30T06:13:50 IST" name="getUserByName" finished-at="2024-12-30T06:13:51 IST" duration-ms="1312" status="PASS">
          <reporter-output>
          </reporter-output>
        </test-method> <!-- getUserByName -->
        <test-method signature="updateUserByName()[pri:3, instance:api.test.UserTests2@185a6e9]" started-at="2024-12-30T06:13:51 IST" name="updateUserByName" finished-at="2024-12-30T06:13:54 IST" duration-ms="2291" status="PASS">
          <reporter-output>
          </reporter-output>
        </test-method> <!-- updateUserByName -->
        <test-method signature="deleteUserByName()[pri:4, instance:api.test.UserTests2@185a6e9]" started-at="2024-12-30T06:13:54 IST" name="deleteUserByName" finished-at="2024-12-30T06:13:55 IST" duration-ms="1277" status="PASS">
          <reporter-output>
          </reporter-output>
        </test-method> <!-- deleteUserByName -->
      </class> <!-- api.test.UserTests2 -->
    </test> <!-- Test -->
  </suite> <!-- Suite -->
</testng-results>
